2026-06-18 00:37:13 | [INFO]    | Discordia 2.13.1
2026-06-18 00:37:13 | [INFO]    | Connecting to Discord...
2026-06-18 00:37:14 | [INFO]    | Authenticated as Be A Seed Bot#4550
2026-06-18 00:37:14 | [INFO]    | Launching shard 0 (1 out of 1)...
2026-06-18 00:37:15 | [INFO]    | Shard 0 : Connected to wss://gateway.discord.gg
2026-06-18 00:37:15 | [INFO]    | Shard 0 : Received HELLO
2026-06-18 00:37:15 | [INFO]    | Shard 0 : Received READY
2026-06-18 00:37:42 | [INFO]    | Discordia 2.13.1
2026-06-18 00:37:42 | [INFO]    | Connecting to Discord...
2026-06-18 00:37:42 | [INFO]    | Authenticated as Be A Seed Bot#4550
2026-06-18 00:37:42 | [INFO]    | Launching shard 0 (1 out of 1)...
2026-06-18 00:37:42 | [INFO]    | Shard 0 : Connected to wss://gateway.discord.gg
2026-06-18 00:37:42 | [INFO]    | Shard 0 : Received HELLO
2026-06-18 00:37:42 | [INFO]    | Shard 0 : Received READY
2026-06-18 00:38:19 | [INFO]    | Discordia 2.13.1
2026-06-18 00:38:19 | [INFO]    | Connecting to Discord...
2026-06-18 00:38:19 | [INFO]    | Authenticated as Be A Seed Bot#4550
2026-06-18 00:38:19 | [INFO]    | Launching shard 0 (1 out of 1)...
2026-06-18 00:38:19 | [INFO]    | Shard 0 : Connected to wss://gateway.discord.gg
2026-06-18 00:38:19 | [INFO]    | Shard 0 : Received HELLO
2026-06-18 00:38:20 | [INFO]    | Shard 0 : Received READY
2026-06-18 00:41:48 | [INFO]    | Discordia 2.13.1
2026-06-18 00:41:48 | [INFO]    | Connecting to Discord...
2026-06-18 00:41:49 | [INFO]    | Authenticated as Be A Seed Bot#4550
2026-06-18 00:41:49 | [INFO]    | Launching shard 0 (1 out of 1)...
2026-06-18 00:41:49 | [INFO]    | Shard 0 : Connected to wss://gateway.discord.gg
2026-06-18 00:41:49 | [INFO]    | Shard 0 : Received HELLO
2026-06-18 00:41:49 | [INFO]    | Shard 0 : Received READY
2026-06-18 00:43:58 | [INFO]    | Discordia 2.13.1
2026-06-18 00:43:58 | [INFO]    | Connecting to Discord...
2026-06-18 00:43:58 | [INFO]    | Authenticated as Be A Seed Bot#4550
2026-06-18 00:43:58 | [INFO]    | Launching shard 0 (1 out of 1)...
2026-06-18 00:43:58 | [INFO]    | Shard 0 : Connected to wss://gateway.discord.gg
2026-06-18 00:43:58 | [INFO]    | Shard 0 : Received HELLO
2026-06-18 00:43:58 | [INFO]    | Shard 0 : Received READY
2026-06-18 00:56:24 | [INFO]    | Discordia 2.13.1
2026-06-18 00:56:24 | [INFO]    | Connecting to Discord...
2026-06-18 00:56:25 | [INFO]    | Authenticated as Be A Seed Bot#4550
2026-06-18 00:56:25 | [INFO]    | Launching shard 0 (1 out of 1)...
2026-06-18 00:56:25 | [INFO]    | Shard 0 : Connected to wss://gateway.discord.gg
2026-06-18 00:56:25 | [INFO]    | Shard 0 : Received HELLO
2026-06-18 00:56:26 | [INFO]    | Shard 0 : Received READY
